<?xml version="1.0" encoding="UTF-8"?>
<!-- Generated by org.testng.reporters.JUnitReportReporter -->
<testsuite hostname="Kanimozhi" failures="0" tests="2" name="StreamCheck" time="0.009" errors="0" timestamp="2025-02-26T20:47:13 EST" skipped="0">
  <testcase classname="StreamCheck" name="StreamCalc2" time="0.001"/>
  <system-out/>
  <testcase classname="StreamCheck" name="StreamCalc" time="0.008"/>
  <system-out/>
</testsuite> <!-- StreamCheck -->
